<?xml version="1.0" encoding="UTF-8"?>
<!-- Generated by org.testng.reporters.JUnitReportReporter -->
<testsuite hostname="MAA15-CG211CPR0" failures="0" tests="1" name="Steps.RunnerFile" time="15.114" errors="0" timestamp="2025-01-26T11:53:47 IST" skipped="0">
  <testcase classname="Steps.RunnerFile" name="runScenario" time="15.114"/>
</testsuite> <!-- Steps.RunnerFile -->
